app/build/intermediates/manifest_merge_blame_file/debug/manifest-merger-blame-debug-report.txt
1<?xml version="1.0" encoding="utf-8"?>
2<manifest xmlns:android="http://schemas.android.com/apk/res/android"
3    package="com.example.dessertclicker"
4    android:versionCode="1"
5    android:versionName="1.0" >
6
7    <uses-sdk
8        android:minSdkVersion="21"
8-->src\main\AndroidManifest.xml
9        android:targetSdkVersion="33" />
9-->src\main\AndroidManifest.xml
10
11    <permission
11-->[androidx.core:core:1.9.0] AndroidManifest.xml:22:5-24:47
12        android:name="com.example.dessertclicker.DYNAMIC_RECEIVER_NOT_EXPORTED_PERMISSION"
12-->[androidx.core:core:1.9.0] AndroidManifest.xml:23:9-81
13        android:protectionLevel="signature" />
13-->[androidx.core:core:1.9.0] AndroidManifest.xml:24:9-44
14
15    <uses-permission android:name="com.example.dessertclicker.DYNAMIC_RECEIVER_NOT_EXPORTED_PERMISSION" />
15-->[androidx.core:core:1.9.0] AndroidManifest.xml:26:5-97
15-->[androidx.core:core:1.9.0] AndroidManifest.xml:26:22-94
16
17    <application
17-->src\main\AndroidManifest.xml:7:5-25:19
18        android:appComponentFactory="androidx.core.app.CoreComponentFactory"
18-->[androidx.core:core:1.9.0] AndroidManifest.xml:28:18-86
19        android:debuggable="true"
20        android:icon="@mipmap/ic_dessert_clicker"
20-->src\main\AndroidManifest.xml:8:9-50
21        android:label="@string/app_name"
21-->src\main\AndroidManifest.xml:9:9-41
22        android:roundIcon="@mipmap/ic_dessert_clicker_round"
22-->src\main\AndroidManifest.xml:10:9-61
23        android:supportsRtl="true"
23-->src\main\AndroidManifest.xml:11:9-35
24        android:testOnly="true"
25        android:theme="@style/Theme.DessertClicker" >
25-->src\main\AndroidManifest.xml:12:9-52
26        <activity
26-->src\main\AndroidManifest.xml:14:9-24:20
27            android:name="com.example.dessertclicker.MainActivity"
27-->src\main\AndroidManifest.xml:15:13-41
28            android:exported="true"
28-->src\main\AndroidManifest.xml:16:13-36
29            android:label="@string/app_name"
29-->src\main\AndroidManifest.xml:17:13-45
30            android:theme="@style/Theme.DessertClicker" >
30-->src\main\AndroidManifest.xml:18:13-56
31            <intent-filter>
31-->src\main\AndroidManifest.xml:19:13-23:29
32                <action android:name="android.intent.action.MAIN" />
32-->src\main\AndroidManifest.xml:20:17-69
32-->src\main\AndroidManifest.xml:20:25-66
33
34                <category android:name="android.intent.category.LAUNCHER" />
34-->src\main\AndroidManifest.xml:22:17-77
34-->src\main\AndroidManifest.xml:22:27-74
35            </intent-filter>
36        </activity>
37        <activity
37-->[androidx.compose.ui:ui-tooling:1.3.3] AndroidManifest.xml:23:9-25:39
38            android:name="androidx.compose.ui.tooling.PreviewActivity"
38-->[androidx.compose.ui:ui-tooling:1.3.3] AndroidManifest.xml:24:13-71
39            android:exported="true" />
39-->[androidx.compose.ui:ui-tooling:1.3.3] AndroidManifest.xml:25:13-36
40        <activity
40-->[androidx.compose.ui:ui-test-manifest:1.3.3] AndroidManifest.xml:23:9-25:39
41            android:name="androidx.activity.ComponentActivity"
41-->[androidx.compose.ui:ui-test-manifest:1.3.3] AndroidManifest.xml:24:13-63
42            android:exported="true" />
42-->[androidx.compose.ui:ui-test-manifest:1.3.3] AndroidManifest.xml:25:13-36
43
44        <provider
44-->[androidx.profileinstaller:profileinstaller:1.2.0] AndroidManifest.xml:25:9-33:20
45            android:name="androidx.startup.InitializationProvider"
45-->[androidx.profileinstaller:profileinstaller:1.2.0] AndroidManifest.xml:26:13-67
46            android:authorities="com.example.dessertclicker.androidx-startup"
46-->[androidx.profileinstaller:profileinstaller:1.2.0] AndroidManifest.xml:27:13-68
47            android:exported="false" >
47-->[androidx.profileinstaller:profileinstaller:1.2.0] AndroidManifest.xml:28:13-37
48            <meta-data
48-->[androidx.profileinstaller:profileinstaller:1.2.0] AndroidManifest.xml:30:13-32:52
49                android:name="androidx.profileinstaller.ProfileInstallerInitializer"
49-->[androidx.profileinstaller:profileinstaller:1.2.0] AndroidManifest.xml:31:17-85
50                android:value="androidx.startup" />
50-->[androidx.profileinstaller:profileinstaller:1.2.0] AndroidManifest.xml:32:17-49
51        </provider>
52
53        <receiver
53-->[androidx.profileinstaller:profileinstaller:1.2.0] AndroidManifest.xml:35:9-47:20
54            android:name="androidx.profileinstaller.ProfileInstallReceiver"
54-->[androidx.profileinstaller:profileinstaller:1.2.0] AndroidManifest.xml:36:13-76
55            android:directBootAware="false"
55-->[androidx.profileinstaller:profileinstaller:1.2.0] AndroidManifest.xml:37:13-44
56            android:enabled="true"
56-->[androidx.profileinstaller:profileinstaller:1.2.0] AndroidManifest.xml:38:13-35
57            android:exported="true"
57-->[androidx.profileinstaller:profileinstaller:1.2.0] AndroidManifest.xml:39:13-36
58            android:permission="android.permission.DUMP" >
58-->[androidx.profileinstaller:profileinstaller:1.2.0] AndroidManifest.xml:40:13-57
59            <intent-filter>
59-->[androidx.profileinstaller:profileinstaller:1.2.0] AndroidManifest.xml:41:13-43:29
60                <action android:name="androidx.profileinstaller.action.INSTALL_PROFILE" />
60-->[androidx.profileinstaller:profileinstaller:1.2.0] AndroidManifest.xml:42:17-91
60-->[androidx.profileinstaller:profileinstaller:1.2.0] AndroidManifest.xml:42:25-88
61            </intent-filter>
62            <intent-filter>
62-->[androidx.profileinstaller:profileinstaller:1.2.0] AndroidManifest.xml:44:13-46:29
63                <action android:name="androidx.profileinstaller.action.SKIP_FILE" />
63-->[androidx.profileinstaller:profileinstaller:1.2.0] AndroidManifest.xml:45:17-85
63-->[androidx.profileinstaller:profileinstaller:1.2.0] AndroidManifest.xml:45:25-82
64            </intent-filter>
65        </receiver>
66    </application>
67
68</manifest>